#
# There is insufficient memory for the Java Runtime Environment to continue.
# Native memory allocation (malloc) failed to allocate 506720 bytes for Chunk::new
# Possible reasons:
#   The system is out of physical RAM or swap space
#   The process is running with CompressedOops enabled, and the Java Heap may be blocking the growth of the native heap
# Possible solutions:
#   Reduce memory load on the system
#   Increase physical memory or swap space
#   Check if swap backing store is full
#   Decrease Java heap size (-Xmx/-Xms)
#   Decrease number of Java threads
#   Decrease Java thread stack sizes (-Xss)
#   Set larger code cache with -XX:ReservedCodeCacheSize=
#   JVM is running with Unscaled Compressed Oops mode in which the Java heap is
#     placed in the first 4GB address space. The Java Heap base address is the
#     maximum limit for the native heap growth. Please use -XX:HeapBaseMinAddress
#     to set the Java Heap base and to place the Java Heap above 4GB virtual address.
# This output file may be truncated or incomplete.
#
#  Out of Memory Error (arena.cpp:168), pid=15632, tid=78144
#
# JRE version: Java(TM) SE Runtime Environment (21.0.6+8) (build 21.0.6+8-LTS-188)
# Java VM: Java HotSpot(TM) 64-Bit Server VM (21.0.6+8-LTS-188, mixed mode, sharing, tiered, compressed oops, compressed class ptrs, g1 gc, windows-amd64)
# No core dump will be written. Minidumps are not enabled by default on client versions of Windows
#

---------------  S U M M A R Y ------------

Command Line: target/user-service-0.0.1-SNAPSHOT.jar --spring.profiles.active=dev

Host: Intel(R) Core(TM) i3-1005G1 CPU @ 1.20GHz, 4 cores, 3G,  Windows 11 , 64 bit Build 26100 (10.0.26100.6725)
Time: Wed Oct 29 22:37:53 2025 India Standard Time elapsed time: 14.827597 seconds (0d 0h 0m 14s)

---------------  T H R E A D  ---------------

Current thread (0x00000210788ece50):  JavaThread "C2 CompilerThread0" daemon [_thread_in_native, id=78144, stack(0x0000002d45200000,0x0000002d45300000) (1024K)]


Current CompileTask:
C2:  14827 2858       4       org.springframework.boot.context.properties.source.ConfigurationPropertyName::getElement (161 bytes)

Stack: [0x0000002d45200000,0x0000002d45300000]
Native frames: (J=compiled Java code, j=interpreted, Vv=VM code, C=native code)
V  [jvm.dll+0x6ca6d9]
V  [jvm.dll+0x854f51]
V  [jvm.dll+0x85747e]
V  [jvm.dll+0x857b53]
V  [jvm.dll+0x27dcc6]
V  [jvm.dll+0xc4c2d]
V  [jvm.dll+0xc5163]
V  [jvm.dll+0x3b515c]
V  [jvm.dll+0x381855]
V  [jvm.dll+0x380cca]
V  [jvm.dll+0x246920]
V  [jvm.dll+0x245eff]
V  [jvm.dll+0x1c6d2e]
V  [jvm.dll+0x2554f9]
V  [jvm.dll+0x253a8a]
V  [jvm.dll+0x3ee576]
V  [jvm.dll+0x7ff2fb]
V  [jvm.dll+0x6c8dbd]
C  [ucrtbase.dll+0x37b0]
C  [KERNEL32.DLL+0x2e8d7]
C  [ntdll.dll+0x8c53c]


---------------  P R O C E S S  ---------------

Threads class SMR info:
_java_thread_list=0x000002107e0efe10, length=13, elements={
0x000002105b9fb560, 0x00000210788e0100, 0x00000210788e1a70, 0x00000210788e5e40,
0x00000210788e7160, 0x00000210788e8f20, 0x00000210788e9970, 0x00000210788ece50,
0x00000210788fb0c0, 0x00000210789ae890, 0x0000021078bfaff0, 0x0000021078d54b90,
0x000002107e09b640
}

Java Threads: ( => current thread )
  0x000002105b9fb560 JavaThread "main"                              [_thread_in_vm, id=11904, stack(0x0000002d44400000,0x0000002d44500000) (1024K)]
  0x00000210788e0100 JavaThread "Reference Handler"          daemon [_thread_blocked, id=44416, stack(0x0000002d44c00000,0x0000002d44d00000) (1024K)]
  0x00000210788e1a70 JavaThread "Finalizer"                  daemon [_thread_blocked, id=69208, stack(0x0000002d44d00000,0x0000002d44e00000) (1024K)]
  0x00000210788e5e40 JavaThread "Signal Dispatcher"          daemon [_thread_blocked, id=58068, stack(0x0000002d44e00000,0x0000002d44f00000) (1024K)]
  0x00000210788e7160 JavaThread "Attach Listener"            daemon [_thread_blocked, id=31664, stack(0x0000002d44f00000,0x0000002d45000000) (1024K)]
  0x00000210788e8f20 JavaThread "Service Thread"             daemon [_thread_blocked, id=48712, stack(0x0000002d45000000,0x0000002d45100000) (1024K)]
  0x00000210788e9970 JavaThread "Monitor Deflation Thread"   daemon [_thread_blocked, id=58224, stack(0x0000002d45100000,0x0000002d45200000) (1024K)]
=>0x00000210788ece50 JavaThread "C2 CompilerThread0"         daemon [_thread_in_native, id=78144, stack(0x0000002d45200000,0x0000002d45300000) (1024K)]
  0x00000210788fb0c0 JavaThread "C1 CompilerThread0"         daemon [_thread_in_native, id=63444, stack(0x0000002d45300000,0x0000002d45400000) (1024K)]
  0x00000210789ae890 JavaThread "Notification Thread"        daemon [_thread_blocked, id=29352, stack(0x0000002d45400000,0x0000002d45500000) (1024K)]
  0x0000021078bfaff0 JavaThread "Common-Cleaner"             daemon [_thread_blocked, id=25408, stack(0x0000002d45500000,0x0000002d45600000) (1024K)]
  0x0000021078d54b90 JavaThread "Cleaner-0"                  daemon [_thread_blocked, id=44608, stack(0x0000002d45600000,0x0000002d45700000) (1024K)]
  0x000002107e09b640 JavaThread "Keep-Alive-Timer"           daemon [_thread_blocked, id=24456, stack(0x0000002d45b00000,0x0000002d45c00000) (1024K)]
Total: 13

Other Threads:
  0x000002105dda54a0 VMThread "VM Thread"                           [id=35924, stack(0x0000002d44b00000,0x0000002d44c00000) (1024K)]
  0x00000210788cd960 WatcherThread "VM Periodic Task Thread"        [id=43996, stack(0x0000002d44a00000,0x0000002d44b00000) (1024K)]
  0x000002105dd196c0 WorkerThread "GC Thread#0"                     [id=66104, stack(0x0000002d44500000,0x0000002d44600000) (1024K)]
  0x0000021078e78540 WorkerThread "GC Thread#1"                     [id=25720, stack(0x0000002d45700000,0x0000002d45800000) (1024K)]
  0x0000021078e16280 WorkerThread "GC Thread#2"                     [id=77408, stack(0x0000002d45800000,0x0000002d45900000) (1024K)]
  0x0000021078ded6e0 WorkerThread "GC Thread#3"                     [id=43300, stack(0x0000002d45900000,0x0000002d45a00000) (1024K)]
  0x000002105dd24d10 ConcurrentGCThread "G1 Main Marker"            [id=76156, stack(0x0000002d44600000,0x0000002d44700000) (1024K)]
  0x000002105dd265d0 WorkerThread "G1 Conc#0"                       [id=40192, stack(0x0000002d44700000,0x0000002d44800000) (1024K)]
  0x000002105dd84a30 ConcurrentGCThread "G1 Refine#0"               [id=20740, stack(0x0000002d44800000,0x0000002d44900000) (1024K)]
  0x000002105dd85350 ConcurrentGCThread "G1 Service"                [id=17708, stack(0x0000002d44900000,0x0000002d44a00000) (1024K)]
Total: 10

Threads with active compile tasks:
C2 CompilerThread0    14865 2858       4       org.springframework.boot.context.properties.source.ConfigurationPropertyName::getElement (161 bytes)
Total: 1

VM state: not at safepoint (normal execution)

VM Mutex/Monitor currently owned by a thread: None

Heap address: 0x00000000c3a00000, size: 966 MB, Compressed Oops mode: 32-bit

CDS archive(s) mapped at: [0x0000021000000000-0x0000021000c90000-0x0000021000c90000), size 13172736, SharedBaseAddress: 0x0000021000000000, ArchiveRelocationMode: 1.
Compressed class space mapped at: 0x0000021001000000-0x0000021041000000, reserved size: 1073741824
Narrow klass base: 0x0000021000000000, Narrow klass shift: 0, Narrow klass range: 0x100000000

GC Precious Log:
 CardTable entry size: 512
 Card Set container configuration: InlinePtr #cards 5 size 8 Array Of Cards #cards 12 size 40 Howl #buckets 4 coarsen threshold 1843 Howl Bitmap #cards 512 size 80 coarsen threshold 460 Card regions per heap region 1 cards per card region 2048
 CPUs: 4 total, 4 available
 Memory: 3863M
 Large Page Support: Disabled
 NUMA Support: Disabled
 Compressed Oops: Enabled (32-bit)
 Heap Region Size: 1M
 Heap Min Capacity: 8M
 Heap Initial Capacity: 62M
 Heap Max Capacity: 966M
 Pre-touch: Disabled
 Parallel Workers: 4
 Concurrent Workers: 1
 Concurrent Refinement Workers: 4
 Periodic GC: Disabled

Heap:
 garbage-first heap   total 63488K, used 26463K [0x00000000c3a00000, 0x0000000100000000)
  region size 1024K, 21 young (21504K), 4 survivors (4096K)
 Metaspace       used 17763K, committed 18176K, reserved 1114112K
  class space    used 2097K, committed 2240K, reserved 1048576K

Heap Regions: E=young(eden), S=young(survivor), O=old, HS=humongous(starts), HC=humongous(continues), CS=collection set, F=free, TAMS=top-at-mark-start, PB=parsable bottom
|   0|0x00000000c3a00000, 0x00000000c3b00000, 0x00000000c3b00000|100%| O|  |TAMS 0x00000000c3a00000| PB 0x00000000c3a00000| Untracked 
|   1|0x00000000c3b00000, 0x00000000c3c00000, 0x00000000c3c00000|100%| O|  |TAMS 0x00000000c3b00000| PB 0x00000000c3b00000| Untracked 
|   2|0x00000000c3c00000, 0x00000000c3d00000, 0x00000000c3d00000|100%| O|  |TAMS 0x00000000c3c00000| PB 0x00000000c3c00000| Untracked 
|   3|0x00000000c3d00000, 0x00000000c3e00000, 0x00000000c3e00000|100%| O|  |TAMS 0x00000000c3d00000| PB 0x00000000c3d00000| Untracked 
|   4|0x00000000c3e00000, 0x00000000c3f00000, 0x00000000c3f00000|100%| O|  |TAMS 0x00000000c3e00000| PB 0x00000000c3e00000| Untracked 
|   5|0x00000000c3f00000, 0x00000000c4000000, 0x00000000c4000000|100%| O|  |TAMS 0x00000000c3f00000| PB 0x00000000c3f00000| Untracked 
|   6|0x00000000c4000000, 0x00000000c405a960, 0x00000000c4100000| 35%| O|  |TAMS 0x00000000c4000000| PB 0x00000000c4000000| Untracked 
|   7|0x00000000c4100000, 0x00000000c4100000, 0x00000000c4200000|  0%| F|  |TAMS 0x00000000c4100000| PB 0x00000000c4100000| Untracked 
|   8|0x00000000c4200000, 0x00000000c4200000, 0x00000000c4300000|  0%| F|  |TAMS 0x00000000c4200000| PB 0x00000000c4200000| Untracked 
|   9|0x00000000c4300000, 0x00000000c4300000, 0x00000000c4400000|  0%| F|  |TAMS 0x00000000c4300000| PB 0x00000000c4300000| Untracked 
|  10|0x00000000c4400000, 0x00000000c4400000, 0x00000000c4500000|  0%| F|  |TAMS 0x00000000c4400000| PB 0x00000000c4400000| Untracked 
|  11|0x00000000c4500000, 0x00000000c4500000, 0x00000000c4600000|  0%| F|  |TAMS 0x00000000c4500000| PB 0x00000000c4500000| Untracked 
|  12|0x00000000c4600000, 0x00000000c4600000, 0x00000000c4700000|  0%| F|  |TAMS 0x00000000c4600000| PB 0x00000000c4600000| Untracked 
|  13|0x00000000c4700000, 0x00000000c4700000, 0x00000000c4800000|  0%| F|  |TAMS 0x00000000c4700000| PB 0x00000000c4700000| Untracked 
|  14|0x00000000c4800000, 0x00000000c4800000, 0x00000000c4900000|  0%| F|  |TAMS 0x00000000c4800000| PB 0x00000000c4800000| Untracked 
|  15|0x00000000c4900000, 0x00000000c4900000, 0x00000000c4a00000|  0%| F|  |TAMS 0x00000000c4900000| PB 0x00000000c4900000| Untracked 
|  16|0x00000000c4a00000, 0x00000000c4a00000, 0x00000000c4b00000|  0%| F|  |TAMS 0x00000000c4a00000| PB 0x00000000c4a00000| Untracked 
|  17|0x00000000c4b00000, 0x00000000c4b00000, 0x00000000c4c00000|  0%| F|  |TAMS 0x00000000c4b00000| PB 0x00000000c4b00000| Untracked 
|  18|0x00000000c4c00000, 0x00000000c4c00000, 0x00000000c4d00000|  0%| F|  |TAMS 0x00000000c4c00000| PB 0x00000000c4c00000| Untracked 
|  19|0x00000000c4d00000, 0x00000000c4d00000, 0x00000000c4e00000|  0%| F|  |TAMS 0x00000000c4d00000| PB 0x00000000c4d00000| Untracked 
|  20|0x00000000c4e00000, 0x00000000c4e00000, 0x00000000c4f00000|  0%| F|  |TAMS 0x00000000c4e00000| PB 0x00000000c4e00000| Untracked 
|  21|0x00000000c4f00000, 0x00000000c4f7d3a0, 0x00000000c5000000| 48%| S|CS|TAMS 0x00000000c4f00000| PB 0x00000000c4f00000| Complete 
|  22|0x00000000c5000000, 0x00000000c5100000, 0x00000000c5100000|100%| S|CS|TAMS 0x00000000c5000000| PB 0x00000000c5000000| Complete 
|  23|0x00000000c5100000, 0x00000000c5100000, 0x00000000c5200000|  0%| F|  |TAMS 0x00000000c5100000| PB 0x00000000c5100000| Untracked 
|  24|0x00000000c5200000, 0x00000000c5200000, 0x00000000c5300000|  0%| F|  |TAMS 0x00000000c5200000| PB 0x00000000c5200000| Untracked 
|  25|0x00000000c5300000, 0x00000000c5400000, 0x00000000c5400000|100%| S|CS|TAMS 0x00000000c5300000| PB 0x00000000c5300000| Complete 
|  26|0x00000000c5400000, 0x00000000c5500000, 0x00000000c5500000|100%| S|CS|TAMS 0x00000000c5400000| PB 0x00000000c5400000| Complete 
|  27|0x00000000c5500000, 0x00000000c5500000, 0x00000000c5600000|  0%| F|  |TAMS 0x00000000c5500000| PB 0x00000000c5500000| Untracked 
|  28|0x00000000c5600000, 0x00000000c5600000, 0x00000000c5700000|  0%| F|  |TAMS 0x00000000c5600000| PB 0x00000000c5600000| Untracked 
|  29|0x00000000c5700000, 0x00000000c5700000, 0x00000000c5800000|  0%| F|  |TAMS 0x00000000c5700000| PB 0x00000000c5700000| Untracked 
|  30|0x00000000c5800000, 0x00000000c5800000, 0x00000000c5900000|  0%| F|  |TAMS 0x00000000c5800000| PB 0x00000000c5800000| Untracked 
|  31|0x00000000c5900000, 0x00000000c5900000, 0x00000000c5a00000|  0%| F|  |TAMS 0x00000000c5900000| PB 0x00000000c5900000| Untracked 
|  32|0x00000000c5a00000, 0x00000000c5a00000, 0x00000000c5b00000|  0%| F|  |TAMS 0x00000000c5a00000| PB 0x00000000c5a00000| Untracked 
|  33|0x00000000c5b00000, 0x00000000c5b00000, 0x00000000c5c00000|  0%| F|  |TAMS 0x00000000c5b00000| PB 0x00000000c5b00000| Untracked 
|  34|0x00000000c5c00000, 0x00000000c5c00000, 0x00000000c5d00000|  0%| F|  |TAMS 0x00000000c5c00000| PB 0x00000000c5c00000| Untracked 
|  35|0x00000000c5d00000, 0x00000000c5d00000, 0x00000000c5e00000|  0%| F|  |TAMS 0x00000000c5d00000| PB 0x00000000c5d00000| Untracked 
|  36|0x00000000c5e00000, 0x00000000c5e00000, 0x00000000c5f00000|  0%| F|  |TAMS 0x00000000c5e00000| PB 0x00000000c5e00000| Untracked 
|  37|0x00000000c5f00000, 0x00000000c5f00000, 0x00000000c6000000|  0%| F|  |TAMS 0x00000000c5f00000| PB 0x00000000c5f00000| Untracked 
|  38|0x00000000c6000000, 0x00000000c6000000, 0x00000000c6100000|  0%| F|  |TAMS 0x00000000c6000000| PB 0x00000000c6000000| Untracked 
|  39|0x00000000c6100000, 0x00000000c6100000, 0x00000000c6200000|  0%| F|  |TAMS 0x00000000c6100000| PB 0x00000000c6100000| Untracked 
|  40|0x00000000c6200000, 0x00000000c6200000, 0x00000000c6300000|  0%| F|  |TAMS 0x00000000c6200000| PB 0x00000000c6200000| Untracked 
|  41|0x00000000c6300000, 0x00000000c6300000, 0x00000000c6400000|  0%| F|  |TAMS 0x00000000c6300000| PB 0x00000000c6300000| Untracked 
|  42|0x00000000c6400000, 0x00000000c6400000, 0x00000000c6500000|  0%| F|  |TAMS 0x00000000c6400000| PB 0x00000000c6400000| Untracked 
|  43|0x00000000c6500000, 0x00000000c6500000, 0x00000000c6600000|  0%| F|  |TAMS 0x00000000c6500000| PB 0x00000000c6500000| Untracked 
|  44|0x00000000c6600000, 0x00000000c6600000, 0x00000000c6700000|  0%| F|  |TAMS 0x00000000c6600000| PB 0x00000000c6600000| Untracked 
|  45|0x00000000c6700000, 0x00000000c6800000, 0x00000000c6800000|100%| E|  |TAMS 0x00000000c6700000| PB 0x00000000c6700000| Complete 
|  46|0x00000000c6800000, 0x00000000c6900000, 0x00000000c6900000|100%| E|CS|TAMS 0x00000000c6800000| PB 0x00000000c6800000| Complete 
|  47|0x00000000c6900000, 0x00000000c6a00000, 0x00000000c6a00000|100%| E|CS|TAMS 0x00000000c6900000| PB 0x00000000c6900000| Complete 
|  48|0x00000000c6a00000, 0x00000000c6b00000, 0x00000000c6b00000|100%| E|CS|TAMS 0x00000000c6a00000| PB 0x00000000c6a00000| Complete 
|  49|0x00000000c6b00000, 0x00000000c6c00000, 0x00000000c6c00000|100%| E|CS|TAMS 0x00000000c6b00000| PB 0x00000000c6b00000| Complete 
|  50|0x00000000c6c00000, 0x00000000c6d00000, 0x00000000c6d00000|100%| E|CS|TAMS 0x00000000c6c00000| PB 0x00000000c6c00000| Complete 
|  51|0x00000000c6d00000, 0x00000000c6e00000, 0x00000000c6e00000|100%| E|CS|TAMS 0x00000000c6d00000| PB 0x00000000c6d00000| Complete 
|  52|0x00000000c6e00000, 0x00000000c6f00000, 0x00000000c6f00000|100%| E|CS|TAMS 0x00000000c6e00000| PB 0x00000000c6e00000| Complete 
|  53|0x00000000c6f00000, 0x00000000c7000000, 0x00000000c7000000|100%| E|CS|TAMS 0x00000000c6f00000| PB 0x00000000c6f00000| Complete 
|  54|0x00000000c7000000, 0x00000000c7100000, 0x00000000c7100000|100%| E|CS|TAMS 0x00000000c7000000| PB 0x00000000c7000000| Complete 
|  55|0x00000000c7100000, 0x00000000c7200000, 0x00000000c7200000|100%| E|CS|TAMS 0x00000000c7100000| PB 0x00000000c7100000| Complete 
|  56|0x00000000c7200000, 0x00000000c7300000, 0x00000000c7300000|100%| E|CS|TAMS 0x00000000c7200000| PB 0x00000000c7200000| Complete 
|  57|0x00000000c7300000, 0x00000000c7400000, 0x00000000c7400000|100%| E|CS|TAMS 0x00000000c7300000| PB 0x00000000c7300000| Complete 
|  58|0x00000000c7400000, 0x00000000c7500000, 0x00000000c7500000|100%| E|CS|TAMS 0x00000000c7400000| PB 0x00000000c7400000| Complete 
|  59|0x00000000c7500000, 0x00000000c7600000, 0x00000000c7600000|100%| E|CS|TAMS 0x00000000c7500000| PB 0x00000000c7500000| Complete 
|  60|0x00000000c7600000, 0x00000000c7700000, 0x00000000c7700000|100%| E|CS|TAMS 0x00000000c7600000| PB 0x00000000c7600000| Complete 
|  61|0x00000000c7700000, 0x00000000c7800000, 0x00000000c7800000|100%| E|CS|TAMS 0x00000000c7700000| PB 0x00000000c7700000| Complete 

Card table byte_map: [0x0000021075360000,0x0000021075550000] _byte_map_base: 0x0000021074d43000

Marking Bits: (CMBitMap*) 0x000002105dd1ace0
 Bits: [0x0000021075550000, 0x0000021076468000)

Polling page: 0x000002105bcb0000

Metaspace:

Usage:
  Non-class:     15.30 MB used.
      Class:      2.05 MB used.
       Both:     17.35 MB used.

Virtual space:
  Non-class space:       64.00 MB reserved,      15.56 MB ( 24%) committed,  1 nodes.
      Class space:        1.00 GB reserved,       2.19 MB ( <1%) committed,  1 nodes.
             Both:        1.06 GB reserved,      17.75 MB (  2%) committed. 

Chunk freelists:
   Non-Class:  45.00 KB
       Class:  13.76 MB
        Both:  13.81 MB

MaxMetaspaceSize: unlimited
CompressedClassSpaceSize: 1.00 GB
Initial GC threshold: 21.00 MB
Current GC threshold: 21.00 MB
CDS: on
 - commit_granule_bytes: 65536.
 - commit_granule_words: 8192.
 - virtual_space_node_default_size: 8388608.
 - enlarge_chunks_in_place: 1.
 - use_allocation_guard: 0.


Internal statistics:

num_allocs_failed_limit: 0.
num_arena_births: 408.
num_arena_deaths: 0.
num_vsnodes_births: 2.
num_vsnodes_deaths: 0.
num_space_committed: 284.
num_space_uncommitted: 0.
num_chunks_returned_to_freelist: 0.
num_chunks_taken_from_freelist: 1015.
num_chunk_merges: 0.
num_chunk_splits: 685.
num_chunks_enlarged: 496.
num_inconsistent_stats: 0.

CodeHeap 'non-profiled nmethods': size=120000Kb used=1562Kb max_used=1562Kb free=118437Kb
 bounds [0x000002106dc40000, 0x000002106deb0000, 0x0000021075170000]
CodeHeap 'profiled nmethods': size=120000Kb used=5556Kb max_used=5556Kb free=114443Kb
 bounds [0x0000021066170000, 0x00000210666e0000, 0x000002106d6a0000]
CodeHeap 'non-nmethods': size=5760Kb used=1634Kb max_used=1670Kb free=4125Kb
 bounds [0x000002106d6a0000, 0x000002106d910000, 0x000002106dc40000]
 total_blobs=3466 nmethods=2913 adapters=457
 compilation: enabled
              stopped_count=0, restarted_count=0
 full_count=0

Compilation events (20 events):
Event: 14.670 Thread 0x00000210788fb0c0 nmethod 2877 0x00000210666b2790 code [0x00000210666b29c0, 0x00000210666b3170]
Event: 14.673 Thread 0x00000210788ece50 nmethod 2843 0x000002106ddc4f90 code [0x000002106ddc51c0, 0x000002106ddc5ae8]
Event: 14.673 Thread 0x00000210788ece50 2858       4       org.springframework.boot.context.properties.source.ConfigurationPropertyName::getElement (161 bytes)
Event: 14.673 Thread 0x00000210788fb0c0 2878       3       java.lang.invoke.MemberName::asConstructor (58 bytes)
Event: 14.674 Thread 0x00000210788fb0c0 nmethod 2878 0x00000210666b3390 code [0x00000210666b35c0, 0x00000210666b3be0]
Event: 14.674 Thread 0x00000210788fb0c0 2880       3       java.lang.invoke.MemberName::getFactory (4 bytes)
Event: 14.674 Thread 0x00000210788fb0c0 nmethod 2880 0x00000210666b3e10 code [0x00000210666b3fa0, 0x00000210666b4098]
Event: 14.688 Thread 0x00000210788fb0c0 2881       3       org.springframework.core.env.MutablePropertySources::iterator (10 bytes)
Event: 14.688 Thread 0x00000210788fb0c0 nmethod 2881 0x00000210666b4110 code [0x00000210666b42c0, 0x00000210666b4498]
Event: 14.688 Thread 0x00000210788fb0c0 2882       3       org.springframework.boot.context.properties.source.SpringConfigurationPropertySources::iterator (23 bytes)
Event: 14.689 Thread 0x00000210788fb0c0 nmethod 2882 0x00000210666b4590 code [0x00000210666b47e0, 0x00000210666b5248]
Event: 14.689 Thread 0x00000210788fb0c0 2884       3       org.springframework.boot.context.properties.source.SpringIterableConfigurationPropertySource$Cache::addParents (48 bytes)
Event: 14.690 Thread 0x00000210788fb0c0 nmethod 2884 0x00000210666b5590 code [0x00000210666b5820, 0x00000210666b63f8]
Event: 14.690 Thread 0x00000210788fb0c0 2883       3       org.springframework.boot.context.properties.source.SpringConfigurationPropertySources$SourcesIterator::<init> (32 bytes)
Event: 14.691 Thread 0x00000210788fb0c0 nmethod 2883 0x00000210666b6810 code [0x00000210666b6a00, 0x00000210666b7060]
Event: 14.694 Thread 0x00000210788fb0c0 2886       3       org.springframework.core.env.CommandLinePropertySource::getProperty (49 bytes)
Event: 14.694 Thread 0x00000210788fb0c0 nmethod 2886 0x00000210666b7210 code [0x00000210666b7460, 0x00000210666b7b68]
Event: 14.694 Thread 0x00000210788fb0c0 2887       3       java.util.AbstractCollection::isEmpty (13 bytes)
Event: 14.695 Thread 0x00000210788fb0c0 nmethod 2887 0x00000210666b7d90 code [0x00000210666b7f40, 0x00000210666b8160]
Event: 14.695 Thread 0x00000210788fb0c0 2888       3       org.springframework.boot.context.properties.source.SpringIterableConfigurationPropertySource$Cache::tryUpdate (364 bytes)

GC Heap History (12 events):
Event: 0.631 GC heap before
{Heap before GC invocations=0 (full 0):
 garbage-first heap   total 63488K, used 13312K [0x00000000c3a00000, 0x0000000100000000)
  region size 1024K, 13 young (13312K), 0 survivors (0K)
 Metaspace       used 1688K, committed 1920K, reserved 1114112K
  class space    used 174K, committed 320K, reserved 1048576K
}
Event: 0.638 GC heap after
{Heap after GC invocations=1 (full 0):
 garbage-first heap   total 63488K, used 1670K [0x00000000c3a00000, 0x0000000100000000)
  region size 1024K, 2 young (2048K), 2 survivors (2048K)
 Metaspace       used 1688K, committed 1920K, reserved 1114112K
  class space    used 174K, committed 320K, reserved 1048576K
}
Event: 1.450 GC heap before
{Heap before GC invocations=1 (full 0):
 garbage-first heap   total 63488K, used 24198K [0x00000000c3a00000, 0x0000000100000000)
  region size 1024K, 24 young (24576K), 2 survivors (2048K)
 Metaspace       used 2589K, committed 2880K, reserved 1114112K
  class space    used 244K, committed 384K, reserved 1048576K
}
Event: 1.459 GC heap after
{Heap after GC invocations=2 (full 0):
 garbage-first heap   total 63488K, used 4821K [0x00000000c3a00000, 0x0000000100000000)
  region size 1024K, 3 young (3072K), 3 survivors (3072K)
 Metaspace       used 2589K, committed 2880K, reserved 1114112K
  class space    used 244K, committed 384K, reserved 1048576K
}
Event: 2.481 GC heap before
{Heap before GC invocations=2 (full 0):
 garbage-first heap   total 63488K, used 39637K [0x00000000c3a00000, 0x0000000100000000)
  region size 1024K, 37 young (37888K), 3 survivors (3072K)
 Metaspace       used 5468K, committed 5824K, reserved 1114112K
  class space    used 614K, committed 768K, reserved 1048576K
}
Event: 2.489 GC heap after
{Heap after GC invocations=3 (full 0):
 garbage-first heap   total 63488K, used 6941K [0x00000000c3a00000, 0x0000000100000000)
  region size 1024K, 2 young (2048K), 2 survivors (2048K)
 Metaspace       used 5468K, committed 5824K, reserved 1114112K
  class space    used 614K, committed 768K, reserved 1048576K
}
Event: 3.305 GC heap before
{Heap before GC invocations=3 (full 0):
 garbage-first heap   total 63488K, used 42781K [0x00000000c3a00000, 0x0000000100000000)
  region size 1024K, 37 young (37888K), 2 survivors (2048K)
 Metaspace       used 9141K, committed 9472K, reserved 1114112K
  class space    used 1101K, committed 1280K, reserved 1048576K
}
Event: 3.312 GC heap after
{Heap after GC invocations=4 (full 0):
 garbage-first heap   total 63488K, used 7683K [0x00000000c3a00000, 0x0000000100000000)
  region size 1024K, 3 young (3072K), 3 survivors (3072K)
 Metaspace       used 9141K, committed 9472K, reserved 1114112K
  class space    used 1101K, committed 1280K, reserved 1048576K
}
Event: 3.935 GC heap before
{Heap before GC invocations=4 (full 0):
 garbage-first heap   total 63488K, used 42499K [0x00000000c3a00000, 0x0000000100000000)
  region size 1024K, 37 young (37888K), 3 survivors (3072K)
 Metaspace       used 12766K, committed 13184K, reserved 1114112K
  class space    used 1458K, committed 1664K, reserved 1048576K
}
Event: 3.946 GC heap after
{Heap after GC invocations=5 (full 0):
 garbage-first heap   total 63488K, used 9283K [0x00000000c3a00000, 0x0000000100000000)
  region size 1024K, 3 young (3072K), 3 survivors (3072K)
 Metaspace       used 12766K, committed 13184K, reserved 1114112K
  class space    used 1458K, committed 1664K, reserved 1048576K
}
Event: 4.482 GC heap before
{Heap before GC invocations=5 (full 0):
 garbage-first heap   total 63488K, used 44099K [0x00000000c3a00000, 0x0000000100000000)
  region size 1024K, 37 young (37888K), 3 survivors (3072K)
 Metaspace       used 15843K, committed 16192K, reserved 1114112K
  class space    used 1881K, committed 2048K, reserved 1048576K
}
Event: 4.489 GC heap after
{Heap after GC invocations=6 (full 0):
 garbage-first heap   total 63488K, used 10079K [0x00000000c3a00000, 0x0000000100000000)
  region size 1024K, 4 young (4096K), 4 survivors (4096K)
 Metaspace       used 15843K, committed 16192K, reserved 1114112K
  class space    used 1881K, committed 2048K, reserved 1048576K
}

Dll operation events (7 events):
Event: 0.019 Loaded shared library C:\Program Files\Java\jdk-21\bin\java.dll
Event: 0.068 Loaded shared library C:\Program Files\Java\jdk-21\bin\jsvml.dll
Event: 0.110 Loaded shared library C:\Program Files\Java\jdk-21\bin\net.dll
Event: 0.114 Loaded shared library C:\Program Files\Java\jdk-21\bin\nio.dll
Event: 0.122 Loaded shared library C:\Program Files\Java\jdk-21\bin\zip.dll
Event: 0.217 Loaded shared library C:\Program Files\Java\jdk-21\bin\jimage.dll
Event: 4.590 Loaded shared library C:\Program Files\Java\jdk-21\bin\extnet.dll

Deoptimization events (20 events):
Event: 13.319 Thread 0x000002105b9fb560 Uncommon trap: trap_request=0xffffff45 fr.pc=0x000002106dcac380 relative=0x0000000000000240
Event: 13.319 Thread 0x000002105b9fb560 Uncommon trap: reason=unstable_if action=reinterpret pc=0x000002106dcac380 method=java.lang.String.startsWith(Ljava/lang/String;I)Z @ 1 c2
Event: 13.319 Thread 0x000002105b9fb560 DEOPT PACKING pc=0x000002106dcac380 sp=0x0000002d444fe1f0
Event: 13.319 Thread 0x000002105b9fb560 DEOPT UNPACKING pc=0x000002106d6f7da2 sp=0x0000002d444fe180 mode 2
Event: 13.579 Thread 0x000002105b9fb560 Uncommon trap: trap_request=0xffffffc6 fr.pc=0x000002106dd23184 relative=0x00000000000004e4
Event: 13.579 Thread 0x000002105b9fb560 Uncommon trap: reason=bimorphic_or_optimized_type_check action=maybe_recompile pc=0x000002106dd23184 method=java.net.URL.openConnection()Ljava/net/URLConnection; @ 5 c2
Event: 13.579 Thread 0x000002105b9fb560 DEOPT PACKING pc=0x000002106dd23184 sp=0x0000002d444fdd20
Event: 13.579 Thread 0x000002105b9fb560 DEOPT UNPACKING pc=0x000002106d6f7da2 sp=0x0000002d444fdce8 mode 2
Event: 13.580 Thread 0x000002105b9fb560 Uncommon trap: trap_request=0xffffffc6 fr.pc=0x000002106dd845a8 relative=0x00000000000007e8
Event: 13.580 Thread 0x000002105b9fb560 Uncommon trap: reason=bimorphic_or_optimized_type_check action=maybe_recompile pc=0x000002106dd845a8 method=java.util.HashMap.putVal(ILjava/lang/Object;Ljava/lang/Object;ZZ)Ljava/lang/Object; @ 253 c2
Event: 13.580 Thread 0x000002105b9fb560 DEOPT PACKING pc=0x000002106dd845a8 sp=0x0000002d444fd7c0
Event: 13.580 Thread 0x000002105b9fb560 DEOPT UNPACKING pc=0x000002106d6f7da2 sp=0x0000002d444fd740 mode 2
Event: 14.635 Thread 0x000002105b9fb560 Uncommon trap: trap_request=0xffffff45 fr.pc=0x000002106dda86d8 relative=0x0000000000000278
Event: 14.635 Thread 0x000002105b9fb560 Uncommon trap: reason=unstable_if action=reinterpret pc=0x000002106dda86d8 method=org.springframework.boot.context.properties.source.ConfigurationPropertyName$Elements.charAt(II)C @ 13 c2
Event: 14.635 Thread 0x000002105b9fb560 DEOPT PACKING pc=0x000002106dda86d8 sp=0x0000002d444fd2d0
Event: 14.635 Thread 0x000002105b9fb560 DEOPT UNPACKING pc=0x000002106d6f7da2 sp=0x0000002d444fd250 mode 2
Event: 14.676 Thread 0x000002105b9fb560 Uncommon trap: trap_request=0xffffff45 fr.pc=0x000002106dc87564 relative=0x00000000000000c4
Event: 14.676 Thread 0x000002105b9fb560 Uncommon trap: reason=unstable_if action=reinterpret pc=0x000002106dc87564 method=java.nio.Buffer.limit(I)Ljava/nio/Buffer; @ 42 c2
Event: 14.676 Thread 0x000002105b9fb560 DEOPT PACKING pc=0x000002106dc87564 sp=0x0000002d444fcd60
Event: 14.676 Thread 0x000002105b9fb560 DEOPT UNPACKING pc=0x000002106d6f7da2 sp=0x0000002d444fccf8 mode 2

Classes loaded (20 events):
Event: 14.680 Loading class jdk/internal/io/JdkConsoleImpl
Event: 14.681 Loading class jdk/internal/io/JdkConsoleImpl done
Event: 14.681 Loading class jdk/internal/io/JdkConsoleImpl$2
Event: 14.681 Loading class java/io/PrintWriter
Event: 14.681 Loading class java/io/PrintWriter done
Event: 14.682 Loading class jdk/internal/io/JdkConsoleImpl$2 done
Event: 14.682 Loading class java/io/PrintWriter$1
Event: 14.682 Loading class jdk/internal/access/JavaIOPrintWriterAccess
Event: 14.682 Loading class jdk/internal/access/JavaIOPrintWriterAccess done
Event: 14.682 Loading class java/io/PrintWriter$1 done
Event: 14.682 Loading class jdk/internal/io/JdkConsoleImpl$LineReader
Event: 14.682 Loading class jdk/internal/io/JdkConsoleImpl$LineReader done
Event: 14.682 Loading class java/io/ProxyingConsole$WrappingReader
Event: 14.683 Loading class java/io/ProxyingConsole$WrappingReader done
Event: 14.683 Loading class java/io/ProxyingConsole$WrappingWriter
Event: 14.683 Loading class java/io/ProxyingConsole$WrappingWriter done
Event: 14.683 Loading class java/io/Console$1
Event: 14.683 Loading class jdk/internal/access/JavaIOAccess
Event: 14.683 Loading class jdk/internal/access/JavaIOAccess done
Event: 14.683 Loading class java/io/Console$1 done

Classes unloaded (0 events):
No events

Classes redefined (0 events):
No events

Internal exceptions (20 events):
Event: 3.364 Thread 0x000002105b9fb560 Exception <a 'java/lang/NoSuchMethodError'{0x00000000c7574638}: 'int java.lang.invoke.DirectMethodHandle$Holder.invokeSpecialIFC(java.lang.Object, java.lang.Object, java.lang.Object, java.lang.Object)'> (0x00000000c7574638) 
thrown [s\open\src\hotspot\share\interpreter\linkResolver.cpp, line 773]
Event: 3.383 Thread 0x000002105b9fb560 Exception <a 'java/lang/NoSuchMethodError'{0x00000000c744b428}: 'java.lang.reflect.Field[] java.lang.Class.getDeclaredFields(java.lang.Class)'> (0x00000000c744b428) 
thrown [s\open\src\hotspot\share\interpreter\linkResolver.cpp, line 773]
Event: 4.208 Thread 0x000002105b9fb560 Exception <a 'java/lang/NoSuchMethodError'{0x00000000c6222a20}: 'long java.lang.invoke.DirectMethodHandle$Holder.invokeSpecial(java.lang.Object, java.lang.Object)'> (0x00000000c6222a20) 
thrown [s\open\src\hotspot\share\interpreter\linkResolver.cpp, line 773]
Event: 4.211 Thread 0x000002105b9fb560 Exception <a 'java/lang/NoSuchMethodError'{0x00000000c622c948}: 'long java.lang.invoke.DirectMethodHandle$Holder.invokeStatic(java.lang.Object, java.lang.Object)'> (0x00000000c622c948) 
thrown [s\open\src\hotspot\share\interpreter\linkResolver.cpp, line 773]
Event: 4.211 Thread 0x000002105b9fb560 Exception <a 'java/lang/NoSuchMethodError'{0x00000000c622ff70}: 'long java.lang.invoke.DirectMethodHandle$Holder.invokeStaticInit(java.lang.Object, java.lang.Object)'> (0x00000000c622ff70) 
thrown [s\open\src\hotspot\share\interpreter\linkResolver.cpp, line 773]
Event: 4.213 Thread 0x000002105b9fb560 Exception <a 'java/lang/NoSuchMethodError'{0x00000000c623c410}: 'long java.lang.invoke.DirectMethodHandle$Holder.invokeInterface(java.lang.Object, java.lang.Object)'> (0x00000000c623c410) 
thrown [s\open\src\hotspot\share\interpreter\linkResolver.cpp, line 773]
Event: 4.214 Thread 0x000002105b9fb560 Exception <a 'java/lang/IncompatibleClassChangeError'{0x00000000c623f980}: Found class java.lang.Object, but interface was expected> (0x00000000c623f980) 
thrown [s\open\src\hotspot\share\interpreter\linkResolver.cpp, line 840]
Event: 4.221 Thread 0x000002105b9fb560 Exception <a 'java/lang/NoSuchMethodError'{0x00000000c62921a0}: 'java.lang.Object java.lang.invoke.DirectMethodHandle$Holder.invokeVirtual(java.lang.Object, java.lang.Object, java.lang.Object, java.lang.Object)'> (0x00000000c62921a0) 
thrown [s\open\src\hotspot\share\interpreter\linkResolver.cpp, line 773]
Event: 4.245 Thread 0x000002105b9fb560 Exception <a 'java/lang/NoSuchMethodError'{0x00000000c61f2608}: 'void java.lang.invoke.DirectMethodHandle$Holder.invokeVirtual(java.lang.Object, java.lang.Object, java.lang.Object, java.lang.Object)'> (0x00000000c61f2608) 
thrown [s\open\src\hotspot\share\interpreter\linkResolver.cpp, line 773]
Event: 4.246 Thread 0x000002105b9fb560 Exception <a 'java/lang/ClassNotFoundException'{0x00000000c61f8830}: org/springframework/boot/loader/net/protocol/http/Handler> (0x00000000c61f8830) 
thrown [s\open\src\hotspot\share\classfile\systemDictionary.cpp, line 312]
Event: 13.237 Thread 0x000002105b9fb560 Exception <a 'java/lang/NoSuchMethodError'{0x00000000c7024010}: 'java.lang.Object java.lang.invoke.DirectMethodHandle$Holder.newInvokeSpecial(java.lang.Object, java.lang.Object, java.lang.Object, java.lang.Object, java.lang.Object, java.lang.Object)'> (0x00000000c7024010) 
thrown [s\open\src\hotspot\share\interpreter\linkResolver.cpp, line 773]
Event: 13.251 Thread 0x000002105b9fb560 Exception <a 'java/lang/NoSuchMethodError'{0x00000000c706d7a8}: 'void java.lang.invoke.Invokers$Holder.invokeExact_MT(java.lang.Object, java.lang.Object, java.lang.Object, java.lang.Object)'> (0x00000000c706d7a8) 
thrown [s\open\src\hotspot\share\interpreter\linkResolver.cpp, line 773]
Event: 13.408 Thread 0x000002105b9fb560 Exception <a 'java/lang/NoSuchMethodError'{0x00000000c6fa53f0}: 'java.lang.Object java.lang.invoke.DirectMethodHandle$Holder.invokeVirtual(java.lang.Object, java.lang.Object, java.lang.Object)'> (0x00000000c6fa53f0) 
thrown [s\open\src\hotspot\share\interpreter\linkResolver.cpp, line 773]
Event: 13.433 Thread 0x000002105b9fb560 Exception <a 'java/lang/NoSuchMethodError'{0x00000000c6fc5e18}: 'void java.lang.invoke.DirectMethodHandle$Holder.invokeInterface(java.lang.Object, java.lang.Object, java.lang.Object)'> (0x00000000c6fc5e18) 
thrown [s\open\src\hotspot\share\interpreter\linkResolver.cpp, line 773]
Event: 13.475 Thread 0x000002105b9fb560 Exception <a 'java/lang/NoSuchMethodError'{0x00000000c6e50ba8}: 'void java.lang.invoke.DirectMethodHandle$Holder.invokeStatic(java.lang.Object, java.lang.Object, int)'> (0x00000000c6e50ba8) 
thrown [s\open\src\hotspot\share\interpreter\linkResolver.cpp, line 773]
Event: 14.630 Thread 0x000002107dcc1330 Exception <a 'java/net/UnknownHostException'{0x00000000c6a80d68}> (0x00000000c6a80d68) 
thrown [s\open\src\hotspot\share\prims\jni.cpp, line 520]
Event: 14.635 Thread 0x000002105b9fb560 Implicit null exception at 0x000002106dda850a to 0x000002106dda86c0
Event: 14.657 Thread 0x000002105b9fb560 Exception <a 'java/lang/NoSuchMethodError'{0x00000000c696b378}: 'void java.lang.invoke.DirectMethodHandle$Holder.invokeStaticInit(java.lang.Object, java.lang.Object, java.lang.Object)'> (0x00000000c696b378) 
thrown [s\open\src\hotspot\share\interpreter\linkResolver.cpp, line 773]
Event: 14.674 Thread 0x000002105b9fb560 Exception <a 'java/lang/NoSuchMethodError'{0x00000000c69adcf8}: 'java.lang.Object java.lang.invoke.DirectMethodHandle$Holder.invokeStatic(java.lang.Object, int, java.lang.Object)'> (0x00000000c69adcf8) 
thrown [s\open\src\hotspot\share\interpreter\linkResolver.cpp, line 773]
Event: 14.675 Thread 0x000002105b9fb560 Exception <a 'java/lang/NoSuchMethodError'{0x00000000c69b1358}: 'java.lang.Object java.lang.invoke.DirectMethodHandle$Holder.invokeStaticInit(java.lang.Object, int, java.lang.Object)'> (0x00000000c69b1358) 
thrown [s\open\src\hotspot\share\interpreter\linkResolver.cpp, line 773]

ZGC Phase Switch (0 events):
No events

VM Operations (20 events):
Event: 3.857 Executing VM operation: HandshakeAllThreads (Deoptimize)
Event: 3.857 Executing VM operation: HandshakeAllThreads (Deoptimize) done
Event: 3.935 Executing VM operation: G1CollectForAllocation (G1 Evacuation Pause)
Event: 3.946 Executing VM operation: G1CollectForAllocation (G1 Evacuation Pause) done
Event: 4.247 Executing VM operation: HandshakeAllThreads (Deoptimize)
Event: 4.247 Executing VM operation: HandshakeAllThreads (Deoptimize) done
Event: 4.286 Executing VM operation: HandshakeAllThreads (Deoptimize)
Event: 4.286 Executing VM operation: HandshakeAllThreads (Deoptimize) done
Event: 4.393 Executing VM operation: HandshakeAllThreads (Deoptimize)
Event: 4.393 Executing VM operation: HandshakeAllThreads (Deoptimize) done
Event: 4.481 Executing VM operation: G1CollectForAllocation (G1 Evacuation Pause)
Event: 4.489 Executing VM operation: G1CollectForAllocation (G1 Evacuation Pause) done
Event: 5.505 Executing VM operation: Cleanup
Event: 5.505 Executing VM operation: Cleanup done
Event: 13.267 Executing VM operation: HandshakeAllThreads (Deoptimize)
Event: 13.267 Executing VM operation: HandshakeAllThreads (Deoptimize) done
Event: 13.267 Executing VM operation: Cleanup
Event: 13.267 Executing VM operation: Cleanup done
Event: 14.274 Executing VM operation: Cleanup
Event: 14.274 Executing VM operation: Cleanup done

Events (15 events):
Event: 0.039 Thread 0x000002105b9fb560 Thread added: 0x000002105b9fb560
Event: 0.064 Thread 0x00000210788e0100 Thread added: 0x00000210788e0100
Event: 0.064 Thread 0x00000210788e1a70 Thread added: 0x00000210788e1a70
Event: 0.065 Thread 0x00000210788e5e40 Thread added: 0x00000210788e5e40
Event: 0.065 Thread 0x00000210788e7160 Thread added: 0x00000210788e7160
Event: 0.065 Thread 0x00000210788e8f20 Thread added: 0x00000210788e8f20
Event: 0.065 Thread 0x00000210788e9970 Thread added: 0x00000210788e9970
Event: 0.065 Thread 0x00000210788ece50 Thread added: 0x00000210788ece50
Event: 0.066 Thread 0x00000210788fb0c0 Thread added: 0x00000210788fb0c0
Event: 0.101 Thread 0x00000210789ae890 Thread added: 0x00000210789ae890
Event: 0.104 Thread 0x0000021078bfaff0 Thread added: 0x0000021078bfaff0
Event: 0.277 Thread 0x0000021078d54b90 Thread added: 0x0000021078d54b90
Event: 13.265 Thread 0x000002107e09b640 Thread added: 0x000002107e09b640
Event: 14.618 Thread 0x000002107dcc1330 Thread added: 0x000002107dcc1330
Event: 14.631 Thread 0x000002107dcc1330 Thread exited: 0x000002107dcc1330


Dynamic libraries:
0x00007ff71a680000 - 0x00007ff71a690000 	C:\Program Files\Java\jdk-21\bin\java.exe
0x00007ffbc51e0000 - 0x00007ffbc5448000 	C:\WINDOWS\SYSTEM32\ntdll.dll
0x00007ffbc30c0000 - 0x00007ffbc3189000 	C:\WINDOWS\System32\KERNEL32.DLL
0x00007ffbc2a80000 - 0x00007ffbc2e72000 	C:\WINDOWS\System32\KERNELBASE.dll
0x00007ffbc24a0000 - 0x00007ffbc25eb000 	C:\WINDOWS\System32\ucrtbase.dll
0x00007ffb87d30000 - 0x00007ffb87d49000 	C:\Program Files\Java\jdk-21\bin\jli.dll
0x00007ffb966c0000 - 0x00007ffb966db000 	C:\Program Files\Java\jdk-21\bin\VCRUNTIME140.dll
0x00007ffbc40d0000 - 0x00007ffbc4184000 	C:\WINDOWS\System32\ADVAPI32.dll
0x00007ffbc5060000 - 0x00007ffbc5109000 	C:\WINDOWS\System32\msvcrt.dll
0x00007ffbc42c0000 - 0x00007ffbc4366000 	C:\WINDOWS\System32\sechost.dll
0x00007ffbc41a0000 - 0x00007ffbc42b8000 	C:\WINDOWS\System32\RPCRT4.dll
0x00007ffbc3e70000 - 0x00007ffbc4035000 	C:\WINDOWS\System32\USER32.dll
0x00007ffbc28e0000 - 0x00007ffbc2907000 	C:\WINDOWS\System32\win32u.dll
0x00007ffbac6d0000 - 0x00007ffbac963000 	C:\WINDOWS\WinSxS\amd64_microsoft.windows.common-controls_6595b64144ccf1df_6.0.26100.6899_none_3e0efeeae32e88c1\COMCTL32.dll
0x00007ffbc5030000 - 0x00007ffbc505b000 	C:\WINDOWS\System32\GDI32.dll
0x00007ffbc2370000 - 0x00007ffbc249d000 	C:\WINDOWS\System32\gdi32full.dll
0x00007ffbc2910000 - 0x00007ffbc29b3000 	C:\WINDOWS\System32\msvcp_win.dll
0x00007ffbb9ac0000 - 0x00007ffbb9acb000 	C:\WINDOWS\SYSTEM32\VERSION.dll
0x00007ffbc3820000 - 0x00007ffbc384f000 	C:\WINDOWS\System32\IMM32.DLL
0x00007ffba4c00000 - 0x00007ffba4c0c000 	C:\Program Files\Java\jdk-21\bin\vcruntime140_1.dll
0x00007ffb733c0000 - 0x00007ffb7344e000 	C:\Program Files\Java\jdk-21\bin\msvcp140.dll
0x00007ffb322e0000 - 0x00007ffb32ffa000 	C:\Program Files\Java\jdk-21\bin\server\jvm.dll
0x00007ffbc3d20000 - 0x00007ffbc3d94000 	C:\WINDOWS\System32\WS2_32.dll
0x00007ffbc21f0000 - 0x00007ffbc224e000 	C:\WINDOWS\SYSTEM32\POWRPROF.dll
0x00007ffbbfd30000 - 0x00007ffbbfd65000 	C:\WINDOWS\SYSTEM32\WINMM.dll
0x00007ffbc21d0000 - 0x00007ffbc21e4000 	C:\WINDOWS\SYSTEM32\UMPDC.dll
0x00007ffbc1110000 - 0x00007ffbc112b000 	C:\WINDOWS\SYSTEM32\kernel.appcore.dll
0x00007ffba2d10000 - 0x00007ffba2d1a000 	C:\Program Files\Java\jdk-21\bin\jimage.dll
0x00007ffbbfae0000 - 0x00007ffbbfd22000 	C:\WINDOWS\SYSTEM32\DBGHELP.DLL
0x00007ffbc4370000 - 0x00007ffbc46eb000 	C:\WINDOWS\System32\combase.dll
0x00007ffbc3a30000 - 0x00007ffbc3b07000 	C:\WINDOWS\System32\OLEAUT32.dll
0x00007ffbbfaa0000 - 0x00007ffbbfadc000 	C:\WINDOWS\SYSTEM32\dbgcore.DLL
0x00007ffbc2f10000 - 0x00007ffbc2fa8000 	C:\WINDOWS\System32\bcryptPrimitives.dll
0x00007ffb966a0000 - 0x00007ffb966bf000 	C:\Program Files\Java\jdk-21\bin\java.dll
0x00007ffbc46f0000 - 0x00007ffbc4e3d000 	C:\WINDOWS\System32\SHELL32.dll
0x00007ffbc2770000 - 0x00007ffbc28db000 	C:\WINDOWS\System32\wintypes.dll
0x00007ffbbffa0000 - 0x00007ffbc07fd000 	C:\WINDOWS\SYSTEM32\windows.storage.dll
0x00007ffbc3bd0000 - 0x00007ffbc3cc2000 	C:\WINDOWS\System32\SHCORE.dll
0x00007ffbc3da0000 - 0x00007ffbc3e02000 	C:\WINDOWS\System32\shlwapi.dll
0x00007ffbc2290000 - 0x00007ffbc22b9000 	C:\WINDOWS\SYSTEM32\profapi.dll
0x00007ffb73160000 - 0x00007ffb73237000 	C:\Program Files\Java\jdk-21\bin\jsvml.dll
0x00007ffba2c60000 - 0x00007ffba2c70000 	C:\Program Files\Java\jdk-21\bin\net.dll
0x00007ffbb5570000 - 0x00007ffbb568f000 	C:\WINDOWS\SYSTEM32\WINHTTP.dll
0x00007ffbc16b0000 - 0x00007ffbc171b000 	C:\WINDOWS\system32\mswsock.dll
0x00007ffb7ea90000 - 0x00007ffb7eaa6000 	C:\Program Files\Java\jdk-21\bin\nio.dll
0x00007ffb7e9c0000 - 0x00007ffb7e9d8000 	C:\Program Files\Java\jdk-21\bin\zip.dll
0x00007ffbc0c00000 - 0x00007ffbc0d26000 	C:\WINDOWS\SYSTEM32\DNSAPI.dll
0x00007ffbc0b60000 - 0x00007ffbc0b94000 	C:\WINDOWS\SYSTEM32\IPHLPAPI.DLL
0x00007ffbc4190000 - 0x00007ffbc419a000 	C:\WINDOWS\System32\NSI.dll
0x00007ffba9230000 - 0x00007ffba923b000 	C:\Windows\System32\rasadhlp.dll
0x00007ffbb3c00000 - 0x00007ffbb3c86000 	C:\WINDOWS\System32\fwpuclnt.dll
0x00007ffb96690000 - 0x00007ffb96699000 	C:\Program Files\Java\jdk-21\bin\extnet.dll

dbghelp: loaded successfully - version: 4.0.5 - missing functions: none
symbol engine: initialized successfully - sym options: 0x614 - pdb path: .;C:\Program Files\Java\jdk-21\bin;C:\WINDOWS\SYSTEM32;C:\WINDOWS\WinSxS\amd64_microsoft.windows.common-controls_6595b64144ccf1df_6.0.26100.6899_none_3e0efeeae32e88c1;C:\Program Files\Java\jdk-21\bin\server

VM Arguments:
java_command: target/user-service-0.0.1-SNAPSHOT.jar --spring.profiles.active=dev
java_class_path (initial): target/user-service-0.0.1-SNAPSHOT.jar
Launcher Type: SUN_STANDARD

[Global flags]
     intx CICompilerCount                          = 3                                         {product} {ergonomic}
     uint ConcGCThreads                            = 1                                         {product} {ergonomic}
     uint G1ConcRefinementThreads                  = 4                                         {product} {ergonomic}
   size_t G1HeapRegionSize                         = 1048576                                   {product} {ergonomic}
    uintx GCDrainStackTargetSize                   = 64                                        {product} {ergonomic}
   size_t InitialHeapSize                          = 65011712                                  {product} {ergonomic}
   size_t MarkStackSize                            = 4194304                                   {product} {ergonomic}
   size_t MaxHeapSize                              = 1012924416                                {product} {ergonomic}
   size_t MaxNewSize                               = 607125504                                 {product} {ergonomic}
   size_t MinHeapDeltaBytes                        = 1048576                                   {product} {ergonomic}
   size_t MinHeapSize                              = 8388608                                   {product} {ergonomic}
    uintx NonNMethodCodeHeapSize                   = 5832780                                {pd product} {ergonomic}
    uintx NonProfiledCodeHeapSize                  = 122912730                              {pd product} {ergonomic}
    uintx ProfiledCodeHeapSize                     = 122912730                              {pd product} {ergonomic}
    uintx ReservedCodeCacheSize                    = 251658240                              {pd product} {ergonomic}
     bool SegmentedCodeCache                       = true                                      {product} {ergonomic}
   size_t SoftMaxHeapSize                          = 1012924416                             {manageable} {ergonomic}
     bool UseCompressedOops                        = true                           {product lp64_product} {ergonomic}
     bool UseG1GC                                  = true                                      {product} {ergonomic}
     bool UseLargePagesIndividualAllocation        = false                                  {pd product} {ergonomic}

Logging:
Log output configuration:
 #0: stdout all=warning uptime,level,tags foldmultilines=false
 #1: stderr all=off uptime,level,tags foldmultilines=false

Environment Variables:
JAVA_HOME=C:\Program Files\Java\jdk-21
PATH=C:\Program Files\Common Files\Oracle\Java\javapath;C:\Program Files\Python39\Scripts\;C:\Program Files\Python39\;C:\WINDOWS\system32;C:\WINDOWS;C:\WINDOWS\System32\Wbem;C:\WINDOWS\System32\WindowsPowerShell\v1.0\;C:\WINDOWS\System32\OpenSSH\;C:\Program Files\Java\jdk-21\bin;C:\Program Files\SourceGear\Common\DiffMerge\;C:\Program Files (x86)\Microsoft SQL Server\110\Tools\Binn\;C:\Program Files\Microsoft SQL Server\110\Tools\Binn\;C:\Program Files\Microsoft SQL Server\110\DTS\Binn\;C:\Program Files (x86)\Microsoft SQL Server\110\Tools\Binn\ManagementStudio\;C:\Program Files (x86)\Microsoft SQL Server\110\DTS\Binn\;C:\Program Files (x86)\Microsoft Visual Studio 11.0\Common7\IDE\PrivateAssemblies\;C:\Program Files\nodejs\;C:\Program Files\Git\cmd;C:\Program Files\apache-maven-3.9.9\bin;C:\Program Files\MongoDB\Server\8.0\bin;C:\Program Files\Docker\Docker\resources\bin;C:\Program Files\PostgreSQL\13\bin;C:\Users\Haritha Reddy\Downloads\sqldeveloper-21.2.1.204.1703-x64.zip\sqldeveloper\jdk\jre\bin;C:\Users\Haritha Reddy\AppData\Local\Programs\Microsoft VS Code\bin;C:\Users\Haritha Reddy\AppData\Roaming\npm;C:\Users\Haritha Reddy\AppData\Local\Microsoft\WindowsApps;C:\Program Files\mongosh\
USERNAME=Haritha Reddy
OS=Windows_NT
PROCESSOR_IDENTIFIER=Intel64 Family 6 Model 126 Stepping 5, GenuineIntel
TMP=C:\Users\Haritha Reddy\AppData\Local\Temp
TEMP=C:\Users\Haritha Reddy\AppData\Local\Temp




Periodic native trim disabled

---------------  S Y S T E M  ---------------

OS:
 Windows 11 , 64 bit Build 26100 (10.0.26100.6725)
OS uptime: 2 days 5:18 hours
Hyper-V role detected

CPU: total 4 (initial active 4) (2 cores per cpu, 2 threads per core) family 6 model 126 stepping 5 microcode 0xc2, cx8, cmov, fxsr, ht, mmx, 3dnowpref, sse, sse2, sse3, ssse3, sse4.1, sse4.2, popcnt, lzcnt, tsc, tscinvbit, avx, avx2, aes, erms, clmul, bmi1, bmi2, adx, avx512f, avx512dq, avx512cd, avx512bw, avx512vl, sha, fma, vzeroupper, avx512_vpopcntdq, avx512_vpclmulqdq, avx512_vaes, avx512_vnni, clflush, clflushopt, avx512_vbmi2, avx512_vbmi, hv, rdtscp, rdpid, fsrm, gfni, avx512_bitalg, f16c, avx512_ifma
Processor Information for all 4 processors :
  Max Mhz: 1190, Current Mhz: 1190, Mhz Limit: 1190

Memory: 4k page, system-wide physical 3863M (275M free)
TotalPageFile size 15639M (AvailPageFile size 0M)
current process WorkingSet (physical memory assigned to process): 130M, peak: 134M
current process commit charge ("private bytes"): 178M, peak: 180M

vm_info: Java HotSpot(TM) 64-Bit Server VM (21.0.6+8-LTS-188) for windows-amd64 JRE (21.0.6+8-LTS-188), built on 2024-12-03T10:50:54Z by "mach5one" with MS VC++ 17.6 (VS2022)

END.
